<?xml version="1.0" encoding="UTF-8"?>
<testng-results skipped="0" failed="0" ignored="0" total="1" passed="1">
  <reporter-output>
  </reporter-output>
  <suite name="Default suite" duration-ms="28279" started-at="2018-01-05T12:15:14Z" finished-at="2018-01-05T12:15:42Z">
    <groups>
    </groups>
    <test name="Default test" duration-ms="28279" started-at="2018-01-05T12:15:14Z" finished-at="2018-01-05T12:15:42Z">
      <class name="com.amol.OrangeHRM.LoginTest">
        <test-method status="PASS" signature="initBrowser()[pri:0, instance:com.amol.OrangeHRM.LoginTest@2ef5e5e3]" name="initBrowser" duration-ms="28245" started-at="2018-01-05T17:45:14Z" finished-at="2018-01-05T17:45:42Z">
          <reporter-output>
          </reporter-output>
        </test-method> <!-- initBrowser -->
      </class> <!-- com.amol.OrangeHRM.LoginTest -->
    </test> <!-- Default test -->
  </suite> <!-- Default suite -->
</testng-results>
